<?xml version="1.0" encoding="UTF-8"?>
<testng-results ignored="0" total="1" passed="1" failed="0" skipped="0">
  <reporter-output>
  </reporter-output>
  <suite started-at="2023-05-05T00:14:58 IST" name="Default suite" finished-at="2023-05-05T00:15:03 IST" duration-ms="5171">
    <groups>
    </groups>
    <test started-at="2023-05-05T00:14:58 IST" name="Default test" finished-at="2023-05-05T00:15:03 IST" duration-ms="5171">
      <class name="pod1.SumValidation">
        <test-method signature="sumOfCourses()[pri:0, instance:pod1.SumValidation@5ab956d7]" started-at="2023-05-05T00:14:58 IST" name="sumOfCourses" finished-at="2023-05-05T00:15:03 IST" duration-ms="4822" status="PASS">
          <reporter-output>
          </reporter-output>
        </test-method> <!-- sumOfCourses -->
      </class> <!-- pod1.SumValidation -->
    </test> <!-- Default test -->
  </suite> <!-- Default suite -->
</testng-results>
