<?xml version="1.0" encoding="UTF-8"?>
<testng-results ignored="0" total="1" passed="1" failed="0" skipped="0">
  <reporter-output>
  </reporter-output>
  <suite started-at="2023-05-04T01:43:00 IST" name="Default suite" finished-at="2023-05-04T01:43:03 IST" duration-ms="3102">
    <groups>
    </groups>
    <test started-at="2023-05-04T01:43:00 IST" name="Default test" finished-at="2023-05-04T01:43:03 IST" duration-ms="3102">
      <class name="com.tests.Login">
        <test-method signature="testLogin()[pri:0, instance:com.tests.Login@3f6f6701]" started-at="2023-05-04T01:43:00 IST" name="testLogin" finished-at="2023-05-04T01:43:03 IST" duration-ms="3047" status="PASS">
          <reporter-output>
          </reporter-output>
        </test-method> <!-- testLogin -->
      </class> <!-- com.tests.Login -->
    </test> <!-- Default test -->
  </suite> <!-- Default suite -->
</testng-results>
